<?xml version="1.0" encoding="UTF-8"?>
<!-- Generated by org.testng.reporters.JUnitReportReporter -->
<testsuite hostname="ZIL471" failures="0" tests="2" name="Demo.DataProviderTest" time="17.762" errors="0" timestamp="2022-08-18T10:27:15 IST" skipped="0">
  <testcase classname="Demo.DataProviderTest" name="loginData" time="7.512"/>
  <system-out/>
  <testcase classname="Demo.DataProviderTest" name="loginData" time="10.250"/>
  <system-out/>
</testsuite> <!-- Demo.DataProviderTest -->
