<?xml version="1.0" encoding="UTF-8"?>
<!-- Generated by org.testng.reporters.JUnitReportReporter -->
<testsuite hostname="ZIL471" failures="0" tests="1" name="Demo.SupportPage" time="8.439" errors="0" timestamp="2022-08-18T14:29:12 IST" skipped="0">
  <testcase classname="Demo.SupportPage" name="click_on_Plus_Cross1" time="8.439"/>
  <system-out/>
</testsuite> <!-- Demo.SupportPage -->
